feature/alarm/build/intermediates/manifest_merge_blame_file/release/processReleaseManifest/manifest-merger-blame-release-report.txt
1<?xml version="1.0" encoding="utf-8"?>
2<manifest xmlns:android="http://schemas.android.com/apk/res/android"
3    package="dev.vic41148.somn.feature.alarm" >
4
5    <uses-sdk android:minSdkVersion="26" />
5-->INJECTED
5-->INJECTED
6
7    <uses-permission android:name="android.permission.FOREGROUND_SERVICE" />
7-->src/main/AndroidManifest.xml:4:5-77
7-->src/main/AndroidManifest.xml:4:22-74
8    <uses-permission android:name="android.permission.FOREGROUND_SERVICE_MEDIA_PLAYBACK" />
8-->src/main/AndroidManifest.xml:5:5-92
8-->src/main/AndroidManifest.xml:5:22-89
9    <uses-permission android:name="android.permission.SCHEDULE_EXACT_ALARM" />
9-->src/main/AndroidManifest.xml:6:5-79
9-->src/main/AndroidManifest.xml:6:22-76
10    <uses-permission android:name="android.permission.USE_EXACT_ALARM" />
10-->src/main/AndroidManifest.xml:7:5-74
10-->src/main/AndroidManifest.xml:7:22-71
11    <uses-permission android:name="android.permission.VIBRATE" />
11-->src/main/AndroidManifest.xml:8:5-66
11-->src/main/AndroidManifest.xml:8:22-63
12    <uses-permission android:name="android.permission.USE_FULL_SCREEN_INTENT" />
12-->src/main/AndroidManifest.xml:9:5-81
12-->src/main/AndroidManifest.xml:9:22-78
13
14    <application>
14-->src/main/AndroidManifest.xml:11:5-20:19
15        <receiver
15-->src/main/AndroidManifest.xml:12:9-14:40
16            android:name="dev.vic41148.somn.feature.alarm.receiver.AlarmReceiver"
16-->src/main/AndroidManifest.xml:13:13-82
17            android:exported="false" />
17-->src/main/AndroidManifest.xml:14:13-37
18
19        <service
19-->src/main/AndroidManifest.xml:16:9-19:40
20            android:name="dev.vic41148.somn.feature.alarm.service.AlarmService"
20-->src/main/AndroidManifest.xml:17:13-80
21            android:exported="false"
21-->src/main/AndroidManifest.xml:19:13-37
22            android:foregroundServiceType="mediaPlayback" />
22-->src/main/AndroidManifest.xml:18:13-58
23    </application>
24
25</manifest>